<?xml version="1.0" encoding="UTF-8"?>
<testsuite xmlns:xsi="http://www.w3.org/2001/XMLSchema-instance" xsi:noNamespaceSchemaLocation="https://maven.apache.org/surefire/maven-surefire-plugin/xsd/surefire-test-report-3.0.xsd" version="3.0" name="fxapp.FxDataCollectorTest" time="2.446" tests="1" errors="0" skipped="0" failures="0">
  <properties>
[...]
</properties>
  <testcase name="testApiCall" classname="fxapp.FxDataCollectorTest" time="2.38">
    <system-out><![CDATA[Test Completed. Total collected the number of date: 23
avg_rate: 1.366508695652174
It's good time to exchange! today rate is 1.369 (average rate in last 30 days: 1.367)
Today rate is 0.2043% higher than average
]]></system-out>
  </testcase>
</testsuite>